<?xml version="1.0" encoding="UTF-8"?>
<!-- Generated by org.testng.reporters.JUnitReportReporter -->
<testsuite hostname="Abhijith" failures="0" tests="1" name="demo.Sample" time="3.273" errors="0" timestamp="2024-04-01T10:47:32 IST" skipped="0">
  <testcase classname="demo.Sample" name="test" time="3.273"/>
  <system-out>
    <![CDATA[chrome browser launched]]>
  </system-out>
</testsuite> <!-- demo.Sample -->
