<?xml version="1.0" encoding="UTF-8"?>
<!-- Generated by org.testng.reporters.JUnitReportReporter -->
<testsuite hostname="Abhijith" failures="0" tests="1" name="extent.ToLearnExtentReports" time="0.450" errors="0" timestamp="2024-04-04T09:09:35 IST" skipped="0">
  <testcase classname="extent.ToLearnExtentReports" name="report" time="0.450"/>
  <system-out/>
</testsuite> <!-- extent.ToLearnExtentReports -->
