<?xml version="1.0" encoding="UTF-8"?>
<!-- Generated by org.testng.reporters.JUnitReportReporter -->
<testsuite hostname="Abhijith" failures="0" tests="1" name="extent.AddSSInExtentReport" time="6.265" errors="0" timestamp="2024-04-04T09:28:24 IST" skipped="0">
  <testcase classname="extent.AddSSInExtentReport" name="screenshot" time="6.265"/>
  <system-out/>
</testsuite> <!-- extent.AddSSInExtentReport -->
